The system is: Darwin - 15.3.0 - x86_64
Compiling the C compiler identification source file "CMakeCCompilerId.c" succeeded.
Compiler:  
Build flags: 
Id flags: 

The output was:
0
2016-04-03 21:18:20.290 xcodebuild[38802:1724697] [MT] PluginLoading: Required plug-in compatibility UUID ACA8656B-FEA8-4B6D-8E4A-93F4C95C362C for plug-in at path '~/Library/Application Support/Developer/Shared/Xcode/Plug-ins/Unity4XC.xcplugin' not present in DVTPlugInCompatibilityUUIDs
2016-04-03 21:18:20.291 xcodebuild[38802:1724697] Failed to load plugin at: /Users/marcelochsendorf/Library/Application Support/Developer/Shared/Xcode/Plug-ins/Unity4XC.xcplugin, skipping.  Reason for failure: *** -[__NSPlaceholderDictionary initWithObjects:forKeys:count:]: attempt to insert nil object from objects[0]
=== BUILD TARGET CompilerIdC OF PROJECT CompilerIdC WITH THE DEFAULT CONFIGURATION (Debug) ===

Check dependencies

Write auxiliary files
write-file /Users/marcelochsendorf/Desktop/SimpleTiledParser/glfw/CMakeFiles/3.5.1/CompilerIdC/CompilerIdC.build/Debug/CompilerIdC.build/Script-2C8FEB8E15DC1A1A00E56A5D.sh
chmod 0755 /Users/marcelochsendorf/Desktop/SimpleTiledParser/glfw/CMakeFiles/3.5.1/CompilerIdC/CompilerIdC.build/Debug/CompilerIdC.build/Script-2C8FEB8E15DC1A1A00E56A5D.sh
write-file /Users/marcelochsendorf/Desktop/SimpleTiledParser/glfw/CMakeFiles/3.5.1/CompilerIdC/CompilerIdC.build/Debug/CompilerIdC.build/CompilerIdC-project-headers.hmap
/bin/mkdir -p /Users/marcelochsendorf/Desktop/SimpleTiledParser/glfw/CMakeFiles/3.5.1/CompilerIdC/CompilerIdC.build/Debug/CompilerIdC.build/Objects-normal/x86_64
write-file /Users/marcelochsendorf/Desktop/SimpleTiledParser/glfw/CMakeFiles/3.5.1/CompilerIdC/CompilerIdC.build/Debug/CompilerIdC.build/Objects-normal/x86_64/CompilerIdC.LinkFileList
write-file /Users/marcelochsendorf/Desktop/SimpleTiledParser/glfw/CMakeFiles/3.5.1/CompilerIdC/CompilerIdC.build/Debug/CompilerIdC.build/CompilerIdC-own-target-headers.hmap
write-file /Users/marcelochsendorf/Desktop/SimpleTiledParser/glfw/CMakeFiles/3.5.1/CompilerIdC/CompilerIdC.build/Debug/CompilerIdC.build/CompilerIdC-all-target-headers.hmap
write-file /Users/marcelochsendorf/Desktop/SimpleTiledParser/glfw/CMakeFiles/3.5.1/CompilerIdC/CompilerIdC.build/Debug/CompilerIdC.build/CompilerIdC.hmap
write-file /Users/marcelochsendorf/Desktop/SimpleTiledParser/glfw/CMakeFiles/3.5.1/CompilerIdC/CompilerIdC.build/Debug/CompilerIdC.build/CompilerIdC-all-non-framework-target-headers.hmap
write-file /Users/marcelochsendorf/Desktop/SimpleTiledParser/glfw/CMakeFiles/3.5.1/CompilerIdC/CompilerIdC.build/Debug/CompilerIdC.build/CompilerIdC-generated-files.hmap

CompileC CompilerIdC.build/Debug/CompilerIdC.build/Objects-normal/x86_64/CMakeCCompilerId.o CMakeCCompilerId.c normal x86_64 c com.apple.compilers.llvm.clang.1_0.compiler
    cd /Users/marcelochsendorf/Desktop/SimpleTiledParser/glfw/CMakeFiles/3.5.1/CompilerIdC
    export LANG=en_US.US-ASCII
    /Applications/Xcode.app/Contents/Developer/Toolchains/XcodeDefault.xctoolchain/usr/bin/clang -x c -arch x86_64 -fmessage-length=0 -fdiagnostics-show-note-include-stack -fmacro-backtrace-limit=0 -Wno-trigraphs -fpascal-strings -Os -Wno-missing-field-initializers -Wno-missing-prototypes -Wno-return-type -Wno-missing-braces -Wparentheses -Wswitch -Wno-unused-function -Wno-unused-label -Wno-unused-parameter -Wno-unused-variable -Wunused-value -Wno-empty-body -Wno-uninitialized -Wno-unknown-pragmas -Wno-shadow -Wno-four-char-constants -Wno-conversion -Wno-constant-conversion -Wno-int-conversion -Wno-bool-conversion -Wno-enum-conversion -Wno-shorten-64-to-32 -Wpointer-sign -Wno-newline-eof -isysroot /Applications/Xcode.app/Contents/Developer/Platforms/MacOSX.platform/Developer/SDKs/MacOSX10.11.sdk -fasm-blocks -fstrict-aliasing -Wdeprecated-declarations -mmacosx-version-min=10.11 -g -fvisibility=hidden -Wno-sign-conversion -I/Users/marcelochsendorf/Desktop/SimpleTiledParser/glfw/CMakeFiles/3.5.1/CompilerIdC/CompilerIdC.build/Debug/CompilerIdC.build/CompilerIdC.hmap -I/Users/marcelochsendorf/Desktop/SimpleTiledParser/glfw/CMakeFiles/3.5.1/CompilerIdC/include -I/Users/marcelochsendorf/Desktop/SimpleTiledParser/glfw/CMakeFiles/3.5.1/CompilerIdC/CompilerIdC.build/Debug/CompilerIdC.build/DerivedSources/x86_64 -I/Users/marcelochsendorf/Desktop/SimpleTiledParser/glfw/CMakeFiles/3.5.1/CompilerIdC/CompilerIdC.build/Debug/CompilerIdC.build/DerivedSources -F/Users/marcelochsendorf/Desktop/SimpleTiledParser/glfw/CMakeFiles/3.5.1/CompilerIdC -MMD -MT dependencies -MF /Users/marcelochsendorf/Desktop/SimpleTiledParser/glfw/CMakeFiles/3.5.1/CompilerIdC/CompilerIdC.build/Debug/CompilerIdC.build/Objects-normal/x86_64/CMakeCCompilerId.d --serialize-diagnostics /Users/marcelochsendorf/Desktop/SimpleTiledParser/glfw/CMakeFiles/3.5.1/CompilerIdC/CompilerIdC.build/Debug/CompilerIdC.build/Objects-normal/x86_64/CMakeCCompilerId.dia -c /Users/marcelochsendorf/Desktop/SimpleTiledParser/glfw/CMakeFiles/3.5.1/CompilerIdC/CMakeCCompilerId.c -o /Users/marcelochsendorf/Desktop/SimpleTiledParser/glfw/CMakeFiles/3.5.1/CompilerIdC/CompilerIdC.build/Debug/CompilerIdC.build/Objects-normal/x86_64/CMakeCCompilerId.o

Ld CompilerIdC normal x86_64
    cd /Users/marcelochsendorf/Desktop/SimpleTiledParser/glfw/CMakeFiles/3.5.1/CompilerIdC
    export MACOSX_DEPLOYMENT_TARGET=10.11
    /Applications/Xcode.app/Contents/Developer/Toolchains/XcodeDefault.xctoolchain/usr/bin/clang -arch x86_64 -isysroot /Applications/Xcode.app/Contents/Developer/Platforms/MacOSX.platform/Developer/SDKs/MacOSX10.11.sdk -L/Users/marcelochsendorf/Desktop/SimpleTiledParser/glfw/CMakeFiles/3.5.1/CompilerIdC -F/Users/marcelochsendorf/Desktop/SimpleTiledParser/glfw/CMakeFiles/3.5.1/CompilerIdC -filelist /Users/marcelochsendorf/Desktop/SimpleTiledParser/glfw/CMakeFiles/3.5.1/CompilerIdC/CompilerIdC.build/Debug/CompilerIdC.build/Objects-normal/x86_64/CompilerIdC.LinkFileList -mmacosx-version-min=10.11 -Xlinker -dependency_info -Xlinker /Users/marcelochsendorf/Desktop/SimpleTiledParser/glfw/CMakeFiles/3.5.1/CompilerIdC/CompilerIdC.build/Debug/CompilerIdC.build/Objects-normal/x86_64/CompilerIdC_dependency_info.dat -o /Users/marcelochsendorf/Desktop/SimpleTiledParser/glfw/CMakeFiles/3.5.1/CompilerIdC/CompilerIdC

PhaseScriptExecution Run\ Script CompilerIdC.build/Debug/CompilerIdC.build/Script-2C8FEB8E15DC1A1A00E56A5D.sh
    cd /Users/marcelochsendorf/Desktop/SimpleTiledParser/glfw/CMakeFiles/3.5.1/CompilerIdC
    /bin/sh -c /Users/marcelochsendorf/Desktop/SimpleTiledParser/glfw/CMakeFiles/3.5.1/CompilerIdC/CompilerIdC.build/Debug/CompilerIdC.build/Script-2C8FEB8E15DC1A1A00E56A5D.sh
GCC_VERSION=com.apple.compilers.llvm.clang.1_0

** BUILD SUCCEEDED **



Compilation of the C compiler identification source "CMakeCCompilerId.c" produced "CompilerIdC"

The C compiler identification is AppleClang, found in "/Users/marcelochsendorf/Desktop/SimpleTiledParser/glfw/CMakeFiles/3.5.1/CompilerIdC/CompilerIdC"

Determining if the C compiler works passed with the following output:
Change Dir: /Users/marcelochsendorf/Desktop/SimpleTiledParser/glfw/CMakeFiles/CMakeTmp

Run Build Command:"/usr/bin/xcodebuild" "-project" "CMAKE_TRY_COMPILE.xcodeproj" "build" "-target" "cmTC_b94d0" "-configuration" "Debug"
2016-04-03 21:18:21.531 xcodebuild[38819:1724773] [MT] PluginLoading: Required plug-in compatibility UUID ACA8656B-FEA8-4B6D-8E4A-93F4C95C362C for plug-in at path '~/Library/Application Support/Developer/Shared/Xcode/Plug-ins/Unity4XC.xcplugin' not present in DVTPlugInCompatibilityUUIDs
2016-04-03 21:18:21.532 xcodebuild[38819:1724773] Failed to load plugin at: /Users/marcelochsendorf/Library/Application Support/Developer/Shared/Xcode/Plug-ins/Unity4XC.xcplugin, skipping.  Reason for failure: *** -[__NSPlaceholderDictionary initWithObjects:forKeys:count:]: attempt to insert nil object from objects[0]
=== BUILD TARGET cmTC_b94d0 OF PROJECT CMAKE_TRY_COMPILE WITH CONFIGURATION Debug ===

Check dependencies

Write auxiliary files
/bin/mkdir -p /Users/marcelochsendorf/Desktop/SimpleTiledParser/glfw/CMakeFiles/CMakeTmp/CMAKE_TRY_COMPILE.build/Debug/cmTC_b94d0.build/Objects-normal/x86_64
write-file /Users/marcelochsendorf/Desktop/SimpleTiledParser/glfw/CMakeFiles/CMakeTmp/CMAKE_TRY_COMPILE.build/Debug/cmTC_b94d0.build/Objects-normal/x86_64/cmTC_b94d0.LinkFileList

CompileC CMAKE_TRY_COMPILE.build/Debug/cmTC_b94d0.build/Objects-normal/x86_64/testCCompiler.o testCCompiler.c normal x86_64 c com.apple.compilers.llvm.clang.1_0.compiler
    cd /Users/marcelochsendorf/Desktop/SimpleTiledParser/glfw/CMakeFiles/CMakeTmp
    export LANG=en_US.US-ASCII
    /Applications/Xcode.app/Contents/Developer/Toolchains/XcodeDefault.xctoolchain/usr/bin/clang -x c -arch x86_64 -fmessage-length=0 -fdiagnostics-show-note-include-stack -fmacro-backtrace-limit=0 -Wno-trigraphs -fpascal-strings -O0 -Wno-missing-field-initializers -Wno-missing-prototypes -Wno-return-type -Wno-missing-braces -Wparentheses -Wswitch -Wno-unused-function -Wno-unused-label -Wno-unused-parameter -Wno-unused-variable -Wunused-value -Wno-empty-body -Wno-uninitialized -Wno-unknown-pragmas -Wno-shadow -Wno-four-char-constants -Wno-conversion -Wno-constant-conversion -Wno-int-conversion -Wno-bool-conversion -Wno-enum-conversion -Wno-shorten-64-to-32 -Wpointer-sign -Wno-newline-eof -DCMAKE_INTDIR=\"Debug\" -isysroot /Applications/Xcode.app/Contents/Developer/Platforms/MacOSX.platform/Developer/SDKs/MacOSX10.11.sdk -fasm-blocks -fstrict-aliasing -Wdeprecated-declarations -mmacosx-version-min=10.11 -g -Wno-sign-conversion -I/Users/marcelochsendorf/Desktop/SimpleTiledParser/glfw/CMakeFiles/CMakeTmp/Debug/include -I/Users/marcelochsendorf/Desktop/SimpleTiledParser/glfw/CMakeFiles/CMakeTmp/CMAKE_TRY_COMPILE.build/Debug/cmTC_b94d0.build/DerivedSources/x86_64 -I/Users/marcelochsendorf/Desktop/SimpleTiledParser/glfw/CMakeFiles/CMakeTmp/CMAKE_TRY_COMPILE.build/Debug/cmTC_b94d0.build/DerivedSources -Wmost -Wno-four-char-constants -Wno-unknown-pragmas -F/Users/marcelochsendorf/Desktop/SimpleTiledParser/glfw/CMakeFiles/CMakeTmp/Debug -MMD -MT dependencies -MF /Users/marcelochsendorf/Desktop/SimpleTiledParser/glfw/CMakeFiles/CMakeTmp/CMAKE_TRY_COMPILE.build/Debug/cmTC_b94d0.build/Objects-normal/x86_64/testCCompiler.d --serialize-diagnostics /Users/marcelochsendorf/Desktop/SimpleTiledParser/glfw/CMakeFiles/CMakeTmp/CMAKE_TRY_COMPILE.build/Debug/cmTC_b94d0.build/Objects-normal/x86_64/testCCompiler.dia -c /Users/marcelochsendorf/Desktop/SimpleTiledParser/glfw/CMakeFiles/CMakeTmp/testCCompiler.c -o /Users/marcelochsendorf/Desktop/SimpleTiledParser/glfw/CMakeFiles/CMakeTmp/CMAKE_TRY_COMPILE.build/Debug/cmTC_b94d0.build/Objects-normal/x86_64/testCCompiler.o

Ld Debug/cmTC_b94d0 normal x86_64
    cd /Users/marcelochsendorf/Desktop/SimpleTiledParser/glfw/CMakeFiles/CMakeTmp
    export MACOSX_DEPLOYMENT_TARGET=10.11
    /Applications/Xcode.app/Contents/Developer/Toolchains/XcodeDefault.xctoolchain/usr/bin/clang -arch x86_64 -isysroot /Applications/Xcode.app/Contents/Developer/Platforms/MacOSX.platform/Developer/SDKs/MacOSX10.11.sdk -L/Users/marcelochsendorf/Desktop/SimpleTiledParser/glfw/CMakeFiles/CMakeTmp/Debug -F/Users/marcelochsendorf/Desktop/SimpleTiledParser/glfw/CMakeFiles/CMakeTmp/Debug -filelist /Users/marcelochsendorf/Desktop/SimpleTiledParser/glfw/CMakeFiles/CMakeTmp/CMAKE_TRY_COMPILE.build/Debug/cmTC_b94d0.build/Objects-normal/x86_64/cmTC_b94d0.LinkFileList -mmacosx-version-min=10.11 -Xlinker -no_deduplicate -Wl,-search_paths_first -Wl,-headerpad_max_install_names -Xlinker -dependency_info -Xlinker /Users/marcelochsendorf/Desktop/SimpleTiledParser/glfw/CMakeFiles/CMakeTmp/CMAKE_TRY_COMPILE.build/Debug/cmTC_b94d0.build/Objects-normal/x86_64/cmTC_b94d0_dependency_info.dat -o /Users/marcelochsendorf/Desktop/SimpleTiledParser/glfw/CMakeFiles/CMakeTmp/Debug/cmTC_b94d0

** BUILD SUCCEEDED **



Detecting C compiler ABI info compiled with the following output:
Change Dir: /Users/marcelochsendorf/Desktop/SimpleTiledParser/glfw/CMakeFiles/CMakeTmp

Run Build Command:"/usr/bin/xcodebuild" "-project" "CMAKE_TRY_COMPILE.xcodeproj" "build" "-target" "cmTC_2242d" "-configuration" "Debug"
2016-04-03 21:18:22.372 xcodebuild[38835:1724825] [MT] PluginLoading: Required plug-in compatibility UUID ACA8656B-FEA8-4B6D-8E4A-93F4C95C362C for plug-in at path '~/Library/Application Support/Developer/Shared/Xcode/Plug-ins/Unity4XC.xcplugin' not present in DVTPlugInCompatibilityUUIDs
2016-04-03 21:18:22.373 xcodebuild[38835:1724825] Failed to load plugin at: /Users/marcelochsendorf/Library/Application Support/Developer/Shared/Xcode/Plug-ins/Unity4XC.xcplugin, skipping.  Reason for failure: *** -[__NSPlaceholderDictionary initWithObjects:forKeys:count:]: attempt to insert nil object from objects[0]
=== BUILD TARGET cmTC_2242d OF PROJECT CMAKE_TRY_COMPILE WITH CONFIGURATION Debug ===

Check dependencies

Write auxiliary files
/bin/mkdir -p /Users/marcelochsendorf/Desktop/SimpleTiledParser/glfw/CMakeFiles/CMakeTmp/CMAKE_TRY_COMPILE.build/Debug/cmTC_2242d.build/Objects-normal/x86_64
write-file /Users/marcelochsendorf/Desktop/SimpleTiledParser/glfw/CMakeFiles/CMakeTmp/CMAKE_TRY_COMPILE.build/Debug/cmTC_2242d.build/Objects-normal/x86_64/cmTC_2242d.LinkFileList

CompileC CMAKE_TRY_COMPILE.build/Debug/cmTC_2242d.build/Objects-normal/x86_64/CMakeCCompilerABI.o /Applications/CMake.app/Contents/share/cmake-3.5/Modules/CMakeCCompilerABI.c normal x86_64 c com.apple.compilers.llvm.clang.1_0.compiler
    cd /Users/marcelochsendorf/Desktop/SimpleTiledParser/glfw/CMakeFiles/CMakeTmp
    export LANG=en_US.US-ASCII
    /Applications/Xcode.app/Contents/Developer/Toolchains/XcodeDefault.xctoolchain/usr/bin/clang -x c -arch x86_64 -fmessage-length=0 -fdiagnostics-show-note-include-stack -fmacro-backtrace-limit=0 -Wno-trigraphs -fpascal-strings -O0 -Wno-missing-field-initializers -Wno-missing-prototypes -Wno-return-type -Wno-missing-braces -Wparentheses -Wswitch -Wno-unused-function -Wno-unused-label -Wno-unused-parameter -Wno-unused-variable -Wunused-value -Wno-empty-body -Wno-uninitialized -Wno-unknown-pragmas -Wno-shadow -Wno-four-char-constants -Wno-conversion -Wno-constant-conversion -Wno-int-conversion -Wno-bool-conversion -Wno-enum-conversion -Wno-shorten-64-to-32 -Wpointer-sign -Wno-newline-eof -DCMAKE_INTDIR=\"Debug\" -isysroot /Applications/Xcode.app/Contents/Developer/Platforms/MacOSX.platform/Developer/SDKs/MacOSX10.11.sdk -fasm-blocks -fstrict-aliasing -Wdeprecated-declarations -mmacosx-version-min=10.11 -g -Wno-sign-conversion -I/Users/marcelochsendorf/Desktop/SimpleTiledParser/glfw/CMakeFiles/CMakeTmp/Debug/include -I/Users/marcelochsendorf/Desktop/SimpleTiledParser/glfw/CMakeFiles/CMakeTmp/CMAKE_TRY_COMPILE.build/Debug/cmTC_2242d.build/DerivedSources/x86_64 -I/Users/marcelochsendorf/Desktop/SimpleTiledParser/glfw/CMakeFiles/CMakeTmp/CMAKE_TRY_COMPILE.build/Debug/cmTC_2242d.build/DerivedSources -Wmost -Wno-four-char-constants -Wno-unknown-pragmas -F/Users/marcelochsendorf/Desktop/SimpleTiledParser/glfw/CMakeFiles/CMakeTmp/Debug -MMD -MT dependencies -MF /Users/marcelochsendorf/Desktop/SimpleTiledParser/glfw/CMakeFiles/CMakeTmp/CMAKE_TRY_COMPILE.build/Debug/cmTC_2242d.build/Objects-normal/x86_64/CMakeCCompilerABI.d --serialize-diagnostics /Users/marcelochsendorf/Desktop/SimpleTiledParser/glfw/CMakeFiles/CMakeTmp/CMAKE_TRY_COMPILE.build/Debug/cmTC_2242d.build/Objects-normal/x86_64/CMakeCCompilerABI.dia -c /Applications/CMake.app/Contents/share/cmake-3.5/Modules/CMakeCCompilerABI.c -o /Users/marcelochsendorf/Desktop/SimpleTiledParser/glfw/CMakeFiles/CMakeTmp/CMAKE_TRY_COMPILE.build/Debug/cmTC_2242d.build/Objects-normal/x86_64/CMakeCCompilerABI.o

Ld Debug/cmTC_2242d normal x86_64
    cd /Users/marcelochsendorf/Desktop/SimpleTiledParser/glfw/CMakeFiles/CMakeTmp
    export MACOSX_DEPLOYMENT_TARGET=10.11
    /Applications/Xcode.app/Contents/Developer/Toolchains/XcodeDefault.xctoolchain/usr/bin/clang -arch x86_64 -isysroot /Applications/Xcode.app/Contents/Developer/Platforms/MacOSX.platform/Developer/SDKs/MacOSX10.11.sdk -L/Users/marcelochsendorf/Desktop/SimpleTiledParser/glfw/CMakeFiles/CMakeTmp/Debug -F/Users/marcelochsendorf/Desktop/SimpleTiledParser/glfw/CMakeFiles/CMakeTmp/Debug -filelist /Users/marcelochsendorf/Desktop/SimpleTiledParser/glfw/CMakeFiles/CMakeTmp/CMAKE_TRY_COMPILE.build/Debug/cmTC_2242d.build/Objects-normal/x86_64/cmTC_2242d.LinkFileList -mmacosx-version-min=10.11 -Xlinker -no_deduplicate -v -Wl,-v -Wl,-search_paths_first -Wl,-headerpad_max_install_names -Xlinker -dependency_info -Xlinker /Users/marcelochsendorf/Desktop/SimpleTiledParser/glfw/CMakeFiles/CMakeTmp/CMAKE_TRY_COMPILE.build/Debug/cmTC_2242d.build/Objects-normal/x86_64/cmTC_2242d_dependency_info.dat -o /Users/marcelochsendorf/Desktop/SimpleTiledParser/glfw/CMakeFiles/CMakeTmp/Debug/cmTC_2242d
Apple LLVM version 7.3.0 (clang-703.0.29)
Target: x86_64-apple-darwin15.3.0
Thread model: posix
InstalledDir: /Applications/Xcode.app/Contents/Developer/Toolchains/XcodeDefault.xctoolchain/usr/bin
 "/Applications/Xcode.app/Contents/Developer/Toolchains/XcodeDefault.xctoolchain/usr/bin/ld" -demangle -dynamic -arch x86_64 -macosx_version_min 10.11.0 -syslibroot /Applications/Xcode.app/Contents/Developer/Platforms/MacOSX.platform/Developer/SDKs/MacOSX10.11.sdk -o /Users/marcelochsendorf/Desktop/SimpleTiledParser/glfw/CMakeFiles/CMakeTmp/Debug/cmTC_2242d -L/Users/marcelochsendorf/Desktop/SimpleTiledParser/glfw/CMakeFiles/CMakeTmp/Debug -filelist /Users/marcelochsendorf/Desktop/SimpleTiledParser/glfw/CMakeFiles/CMakeTmp/CMAKE_TRY_COMPILE.build/Debug/cmTC_2242d.build/Objects-normal/x86_64/cmTC_2242d.LinkFileList -no_deduplicate -v -search_paths_first -headerpad_max_install_names -dependency_info /Users/marcelochsendorf/Desktop/SimpleTiledParser/glfw/CMakeFiles/CMakeTmp/CMAKE_TRY_COMPILE.build/Debug/cmTC_2242d.build/Objects-normal/x86_64/cmTC_2242d_dependency_info.dat -lSystem /Applications/Xcode.app/Contents/Developer/Toolchains/XcodeDefault.xctoolchain/usr/bin/../lib/clang/7.3.0/lib/darwin/libclang_rt.osx.a -F/Users/marcelochsendorf/Desktop/SimpleTiledParser/glfw/CMakeFiles/CMakeTmp/Debug
@(#)PROGRAM:ld  PROJECT:ld64-264.3.101
configured to support archs: armv6 armv7 armv7s arm64 i386 x86_64 x86_64h armv6m armv7k armv7m armv7em (tvOS)
Library search paths:
	/Users/marcelochsendorf/Desktop/SimpleTiledParser/glfw/CMakeFiles/CMakeTmp/Debug
	/Applications/Xcode.app/Contents/Developer/Platforms/MacOSX.platform/Developer/SDKs/MacOSX10.11.sdk/usr/lib
Framework search paths:
	/Users/marcelochsendorf/Desktop/SimpleTiledParser/glfw/CMakeFiles/CMakeTmp/Debug
	/Applications/Xcode.app/Contents/Developer/Platforms/MacOSX.platform/Developer/SDKs/MacOSX10.11.sdk/System/Library/Frameworks/

** BUILD SUCCEEDED **



Parsed C implicit link information from above output:
  link line regex: [^( *|.*[/\])(ld|([^/\]+-)?ld|collect2)[^/\]*( |$)]
  ignore line: [Change Dir: /Users/marcelochsendorf/Desktop/SimpleTiledParser/glfw/CMakeFiles/CMakeTmp]
  ignore line: []
  ignore line: [Run Build Command:"/usr/bin/xcodebuild" "-project" "CMAKE_TRY_COMPILE.xcodeproj" "build" "-target" "cmTC_2242d" "-configuration" "Debug"]
  ignore line: [2016-04-03 21:18:22.372 xcodebuild[38835:1724825] [MT] PluginLoading: Required plug-in compatibility UUID ACA8656B-FEA8-4B6D-8E4A-93F4C95C362C for plug-in at path '~/Library/Application Support/Developer/Shared/Xcode/Plug-ins/Unity4XC.xcplugin' not present in DVTPlugInCompatibilityUUIDs]
  ignore line: [2016-04-03 21:18:22.373 xcodebuild[38835:1724825] Failed to load plugin at: /Users/marcelochsendorf/Library/Application Support/Developer/Shared/Xcode/Plug-ins/Unity4XC.xcplugin, skipping.  Reason for failure: *** -[__NSPlaceholderDictionary initWithObjects:forKeys:count:]: attempt to insert nil object from objects[0]]
  ignore line: [=== BUILD TARGET cmTC_2242d OF PROJECT CMAKE_TRY_COMPILE WITH CONFIGURATION Debug ===]
  ignore line: []
  ignore line: [Check dependencies]
  ignore line: []
  ignore line: [Write auxiliary files]
  ignore line: [/bin/mkdir -p /Users/marcelochsendorf/Desktop/SimpleTiledParser/glfw/CMakeFiles/CMakeTmp/CMAKE_TRY_COMPILE.build/Debug/cmTC_2242d.build/Objects-normal/x86_64]
  ignore line: [write-file /Users/marcelochsendorf/Desktop/SimpleTiledParser/glfw/CMakeFiles/CMakeTmp/CMAKE_TRY_COMPILE.build/Debug/cmTC_2242d.build/Objects-normal/x86_64/cmTC_2242d.LinkFileList]
  ignore line: []
  ignore line: [CompileC CMAKE_TRY_COMPILE.build/Debug/cmTC_2242d.build/Objects-normal/x86_64/CMakeCCompilerABI.o /Applications/CMake.app/Contents/share/cmake-3.5/Modules/CMakeCCompilerABI.c normal x86_64 c com.apple.compilers.llvm.clang.1_0.compiler]
  ignore line: [    cd /Users/marcelochsendorf/Desktop/SimpleTiledParser/glfw/CMakeFiles/CMakeTmp]
  ignore line: [    export LANG=en_US.US-ASCII]
  ignore line: [    /Applications/Xcode.app/Contents/Developer/Toolchains/XcodeDefault.xctoolchain/usr/bin/clang -x c -arch x86_64 -fmessage-length=0 -fdiagnostics-show-note-include-stack -fmacro-backtrace-limit=0 -Wno-trigraphs -fpascal-strings -O0 -Wno-missing-field-initializers -Wno-missing-prototypes -Wno-return-type -Wno-missing-braces -Wparentheses -Wswitch -Wno-unused-function -Wno-unused-label -Wno-unused-parameter -Wno-unused-variable -Wunused-value -Wno-empty-body -Wno-uninitialized -Wno-unknown-pragmas -Wno-shadow -Wno-four-char-constants -Wno-conversion -Wno-constant-conversion -Wno-int-conversion -Wno-bool-conversion -Wno-enum-conversion -Wno-shorten-64-to-32 -Wpointer-sign -Wno-newline-eof -DCMAKE_INTDIR=\"Debug\" -isysroot /Applications/Xcode.app/Contents/Developer/Platforms/MacOSX.platform/Developer/SDKs/MacOSX10.11.sdk -fasm-blocks -fstrict-aliasing -Wdeprecated-declarations -mmacosx-version-min=10.11 -g -Wno-sign-conversion -I/Users/marcelochsendorf/Desktop/SimpleTiledParser/glfw/CMakeFiles/CMakeTmp/Debug/include -I/Users/marcelochsendorf/Desktop/SimpleTiledParser/glfw/CMakeFiles/CMakeTmp/CMAKE_TRY_COMPILE.build/Debug/cmTC_2242d.build/DerivedSources/x86_64 -I/Users/marcelochsendorf/Desktop/SimpleTiledParser/glfw/CMakeFiles/CMakeTmp/CMAKE_TRY_COMPILE.build/Debug/cmTC_2242d.build/DerivedSources -Wmost -Wno-four-char-constants -Wno-unknown-pragmas -F/Users/marcelochsendorf/Desktop/SimpleTiledParser/glfw/CMakeFiles/CMakeTmp/Debug -MMD -MT dependencies -MF /Users/marcelochsendorf/Desktop/SimpleTiledParser/glfw/CMakeFiles/CMakeTmp/CMAKE_TRY_COMPILE.build/Debug/cmTC_2242d.build/Objects-normal/x86_64/CMakeCCompilerABI.d --serialize-diagnostics /Users/marcelochsendorf/Desktop/SimpleTiledParser/glfw/CMakeFiles/CMakeTmp/CMAKE_TRY_COMPILE.build/Debug/cmTC_2242d.build/Objects-normal/x86_64/CMakeCCompilerABI.dia -c /Applications/CMake.app/Contents/share/cmake-3.5/Modules/CMakeCCompilerABI.c -o /Users/marcelochsendorf/Desktop/SimpleTiledParser/glfw/CMakeFiles/CMakeTmp/CMAKE_TRY_COMPILE.build/Debug/cmTC_2242d.build/Objects-normal/x86_64/CMakeCCompilerABI.o]
  ignore line: []
  ignore line: [Ld Debug/cmTC_2242d normal x86_64]
  ignore line: [    cd /Users/marcelochsendorf/Desktop/SimpleTiledParser/glfw/CMakeFiles/CMakeTmp]
  ignore line: [    export MACOSX_DEPLOYMENT_TARGET=10.11]
  ignore line: [    /Applications/Xcode.app/Contents/Developer/Toolchains/XcodeDefault.xctoolchain/usr/bin/clang -arch x86_64 -isysroot /Applications/Xcode.app/Contents/Developer/Platforms/MacOSX.platform/Developer/SDKs/MacOSX10.11.sdk -L/Users/marcelochsendorf/Desktop/SimpleTiledParser/glfw/CMakeFiles/CMakeTmp/Debug -F/Users/marcelochsendorf/Desktop/SimpleTiledParser/glfw/CMakeFiles/CMakeTmp/Debug -filelist /Users/marcelochsendorf/Desktop/SimpleTiledParser/glfw/CMakeFiles/CMakeTmp/CMAKE_TRY_COMPILE.build/Debug/cmTC_2242d.build/Objects-normal/x86_64/cmTC_2242d.LinkFileList -mmacosx-version-min=10.11 -Xlinker -no_deduplicate -v -Wl,-v -Wl,-search_paths_first -Wl,-headerpad_max_install_names -Xlinker -dependency_info -Xlinker /Users/marcelochsendorf/Desktop/SimpleTiledParser/glfw/CMakeFiles/CMakeTmp/CMAKE_TRY_COMPILE.build/Debug/cmTC_2242d.build/Objects-normal/x86_64/cmTC_2242d_dependency_info.dat -o /Users/marcelochsendorf/Desktop/SimpleTiledParser/glfw/CMakeFiles/CMakeTmp/Debug/cmTC_2242d]
  ignore line: [Apple LLVM version 7.3.0 (clang-703.0.29)]
  ignore line: [Target: x86_64-apple-darwin15.3.0]
  ignore line: [Thread model: posix]
  ignore line: [InstalledDir: /Applications/Xcode.app/Contents/Developer/Toolchains/XcodeDefault.xctoolchain/usr/bin]
  reduced line: [ "/Applications/Xcode.app/Contents/Developer/Toolchains/XcodeDefault.xctoolchain/usr/bin/ld" -demangle -dynamic -arch x86_64 -macosx_version_min 10.11.0 -syslibroot /Applications/Xcode.app/Contents/Developer/Platforms/MacOSX.platform/Developer/SDKs/MacOSX10.11.sdk -o /Users/marcelochsendorf/Desktop/SimpleTiledParser/glfw/CMakeFiles/CMakeTmp/Debug/cmTC_2242d -L/Users/marcelochsendorf/Desktop/SimpleTiledParser/glfw/CMakeFiles/CMakeTmp/Debug -filelist /Users/marcelochsendorf/Desktop/SimpleTiledParser/glfw/CMakeFiles/CMakeTmp/CMAKE_TRY_COMPILE.build/Debug/cmTC_2242d.build/Objects-normal/x86_64/cmTC_2242d.LinkFileList -no_deduplicate -v -search_paths_first -headerpad_max_install_names -dependency_info /Users/marcelochsendorf/Desktop/SimpleTiledParser/glfw/CMakeFiles/CMakeTmp/CMAKE_TRY_COMPILE.build/Debug/cmTC_2242d.build/Objects-normal/x86_64/cmTC_2242d_dependency_info.dat -lSystem /Applications/Xcode.app/Contents/Developer/Toolchains/XcodeDefault.xctoolchain/usr/bin/../lib/clang/7.3.0/lib/darwin/libclang_rt.osx.a -F/Users/marcelochsendorf/Desktop/SimpleTiledParser/glfw/CMakeFiles/CMakeTmp/Debug]
            to: [ "/Applications/Xcode.app/Contents/Developer/Toolchains/XcodeDefault.xctoolchain/usr/bin/ld" -demangle -dynamic -arch x86_64 -macosx_version_min 10.11.0 -syslibroot /Applications/Xcode.app/Contents/Developer/Platforms/MacOSX.platform/Developer/SDKs/MacOSX10.11.sdk -o /Users/marcelochsendorf/Desktop/SimpleTiledParser/glfw/CMakeFiles/CMakeTmp/Debug/cmTC_2242d -filelist /Users/marcelochsendorf/Desktop/SimpleTiledParser/glfw/CMakeFiles/CMakeTmp/CMAKE_TRY_COMPILE.build/Debug/cmTC_2242d.build/Objects-normal/x86_64/cmTC_2242d.LinkFileList -no_deduplicate -v -search_paths_first -headerpad_max_install_names -dependency_info /Users/marcelochsendorf/Desktop/SimpleTiledParser/glfw/CMakeFiles/CMakeTmp/CMAKE_TRY_COMPILE.build/Debug/cmTC_2242d.build/Objects-normal/x86_64/cmTC_2242d_dependency_info.dat -lSystem /Applications/Xcode.app/Contents/Developer/Toolchains/XcodeDefault.xctoolchain/usr/bin/../lib/clang/7.3.0/lib/darwin/libclang_rt.osx.a ]
  link line: [ "/Applications/Xcode.app/Contents/Developer/Toolchains/XcodeDefault.xctoolchain/usr/bin/ld" -demangle -dynamic -arch x86_64 -macosx_version_min 10.11.0 -syslibroot /Applications/Xcode.app/Contents/Developer/Platforms/MacOSX.platform/Developer/SDKs/MacOSX10.11.sdk -o /Users/marcelochsendorf/Desktop/SimpleTiledParser/glfw/CMakeFiles/CMakeTmp/Debug/cmTC_2242d -filelist /Users/marcelochsendorf/Desktop/SimpleTiledParser/glfw/CMakeFiles/CMakeTmp/CMAKE_TRY_COMPILE.build/Debug/cmTC_2242d.build/Objects-normal/x86_64/cmTC_2242d.LinkFileList -no_deduplicate -v -search_paths_first -headerpad_max_install_names -dependency_info /Users/marcelochsendorf/Desktop/SimpleTiledParser/glfw/CMakeFiles/CMakeTmp/CMAKE_TRY_COMPILE.build/Debug/cmTC_2242d.build/Objects-normal/x86_64/cmTC_2242d_dependency_info.dat -lSystem /Applications/Xcode.app/Contents/Developer/Toolchains/XcodeDefault.xctoolchain/usr/bin/../lib/clang/7.3.0/lib/darwin/libclang_rt.osx.a ]
    arg [/Applications/Xcode.app/Contents/Developer/Toolchains/XcodeDefault.xctoolchain/usr/bin/ld] ==> ignore
    arg [-demangle] ==> ignore
    arg [-dynamic] ==> ignore
    arg [-arch] ==> ignore
    arg [x86_64] ==> ignore
    arg [-macosx_version_min] ==> ignore
    arg [10.11.0] ==> ignore
    arg [-syslibroot] ==> ignore
    arg [/Applications/Xcode.app/Contents/Developer/Platforms/MacOSX.platform/Developer/SDKs/MacOSX10.11.sdk] ==> ignore
    arg [-o] ==> ignore
    arg [/Users/marcelochsendorf/Desktop/SimpleTiledParser/glfw/CMakeFiles/CMakeTmp/Debug/cmTC_2242d] ==> ignore
    arg [-filelist] ==> ignore
    arg [/Users/marcelochsendorf/Desktop/SimpleTiledParser/glfw/CMakeFiles/CMakeTmp/CMAKE_TRY_COMPILE.build/Debug/cmTC_2242d.build/Objects-normal/x86_64/cmTC_2242d.LinkFileList] ==> ignore
    arg [-no_deduplicate] ==> ignore
    arg [-v] ==> ignore
    arg [-search_paths_first] ==> ignore
    arg [-headerpad_max_install_names] ==> ignore
    arg [-dependency_info] ==> ignore
    arg [/Users/marcelochsendorf/Desktop/SimpleTiledParser/glfw/CMakeFiles/CMakeTmp/CMAKE_TRY_COMPILE.build/Debug/cmTC_2242d.build/Objects-normal/x86_64/cmTC_2242d_dependency_info.dat] ==> ignore
    arg [-lSystem] ==> lib [System]
    arg [/Applications/Xcode.app/Contents/Developer/Toolchains/XcodeDefault.xctoolchain/usr/bin/../lib/clang/7.3.0/lib/darwin/libclang_rt.osx.a] ==> lib [/Applications/Xcode.app/Contents/Developer/Toolchains/XcodeDefault.xctoolchain/usr/bin/../lib/clang/7.3.0/lib/darwin/libclang_rt.osx.a]
  Library search paths: [;/Users/marcelochsendorf/Desktop/SimpleTiledParser/glfw/CMakeFiles/CMakeTmp/Debug;/Applications/Xcode.app/Contents/Developer/Platforms/MacOSX.platform/Developer/SDKs/MacOSX10.11.sdk/usr/lib]
  Framework search paths: [;/Users/marcelochsendorf/Desktop/SimpleTiledParser/glfw/CMakeFiles/CMakeTmp/Debug;/Applications/Xcode.app/Contents/Developer/Platforms/MacOSX.platform/Developer/SDKs/MacOSX10.11.sdk/System/Library/Frameworks/]
  remove lib [System]
  collapse lib [/Applications/Xcode.app/Contents/Developer/Toolchains/XcodeDefault.xctoolchain/usr/bin/../lib/clang/7.3.0/lib/darwin/libclang_rt.osx.a] ==> [/Applications/Xcode.app/Contents/Developer/Toolchains/XcodeDefault.xctoolchain/usr/lib/clang/7.3.0/lib/darwin/libclang_rt.osx.a]
  collapse library dir [/Users/marcelochsendorf/Desktop/SimpleTiledParser/glfw/CMakeFiles/CMakeTmp/Debug] ==> [/Users/marcelochsendorf/Desktop/SimpleTiledParser/glfw/CMakeFiles/CMakeTmp/Debug], skipping non-system directory
  collapse library dir [/Applications/Xcode.app/Contents/Developer/Platforms/MacOSX.platform/Developer/SDKs/MacOSX10.11.sdk/usr/lib] ==> [/Applications/Xcode.app/Contents/Developer/Platforms/MacOSX.platform/Developer/SDKs/MacOSX10.11.sdk/usr/lib]
  collapse framework dir [/Users/marcelochsendorf/Desktop/SimpleTiledParser/glfw/CMakeFiles/CMakeTmp/Debug] ==> [/Users/marcelochsendorf/Desktop/SimpleTiledParser/glfw/CMakeFiles/CMakeTmp/Debug], skipping non-system directory
  collapse framework dir [/Applications/Xcode.app/Contents/Developer/Platforms/MacOSX.platform/Developer/SDKs/MacOSX10.11.sdk/System/Library/Frameworks/] ==> [/Applications/Xcode.app/Contents/Developer/Platforms/MacOSX.platform/Developer/SDKs/MacOSX10.11.sdk/System/Library/Frameworks]
  implicit libs: [/Applications/Xcode.app/Contents/Developer/Toolchains/XcodeDefault.xctoolchain/usr/lib/clang/7.3.0/lib/darwin/libclang_rt.osx.a]
  implicit dirs: [/Applications/Xcode.app/Contents/Developer/Platforms/MacOSX.platform/Developer/SDKs/MacOSX10.11.sdk/usr/lib]
  implicit fwks: [/Applications/Xcode.app/Contents/Developer/Platforms/MacOSX.platform/Developer/SDKs/MacOSX10.11.sdk/System/Library/Frameworks]




Detecting C [-std=c11] compiler features compiled with the following output:
Change Dir: /Users/marcelochsendorf/Desktop/SimpleTiledParser/glfw/CMakeFiles/CMakeTmp

Run Build Command:"/usr/bin/xcodebuild" "-project" "CMAKE_TRY_COMPILE.xcodeproj" "build" "-target" "cmTC_69259" "-configuration" "Debug"
2016-04-03 21:18:23.220 xcodebuild[38851:1724887] [MT] PluginLoading: Required plug-in compatibility UUID ACA8656B-FEA8-4B6D-8E4A-93F4C95C362C for plug-in at path '~/Library/Application Support/Developer/Shared/Xcode/Plug-ins/Unity4XC.xcplugin' not present in DVTPlugInCompatibilityUUIDs
2016-04-03 21:18:23.220 xcodebuild[38851:1724887] Failed to load plugin at: /Users/marcelochsendorf/Library/Application Support/Developer/Shared/Xcode/Plug-ins/Unity4XC.xcplugin, skipping.  Reason for failure: *** -[__NSPlaceholderDictionary initWithObjects:forKeys:count:]: attempt to insert nil object from objects[0]
=== BUILD TARGET cmTC_69259 OF PROJECT CMAKE_TRY_COMPILE WITH CONFIGURATION Debug ===

Check dependencies

Write auxiliary files
/bin/mkdir -p /Users/marcelochsendorf/Desktop/SimpleTiledParser/glfw/CMakeFiles/CMakeTmp/CMAKE_TRY_COMPILE.build/Debug/cmTC_69259.build/Objects-normal/x86_64
write-file /Users/marcelochsendorf/Desktop/SimpleTiledParser/glfw/CMakeFiles/CMakeTmp/CMAKE_TRY_COMPILE.build/Debug/cmTC_69259.build/Objects-normal/x86_64/cmTC_69259.LinkFileList

CompileC CMAKE_TRY_COMPILE.build/Debug/cmTC_69259.build/Objects-normal/x86_64/feature_tests.o /Users/marcelochsendorf/Desktop/SimpleTiledParser/glfw/CMakeFiles/feature_tests.c normal x86_64 c com.apple.compilers.llvm.clang.1_0.compiler
    cd /Users/marcelochsendorf/Desktop/SimpleTiledParser/glfw/CMakeFiles/CMakeTmp
    export LANG=en_US.US-ASCII
    /Applications/Xcode.app/Contents/Developer/Toolchains/XcodeDefault.xctoolchain/usr/bin/clang -x c -arch x86_64 -fmessage-length=0 -fdiagnostics-show-note-include-stack -fmacro-backtrace-limit=0 -Wno-trigraphs -fpascal-strings -O0 -Wno-missing-field-initializers -Wno-missing-prototypes -Wno-return-type -Wno-missing-braces -Wparentheses -Wswitch -Wno-unused-function -Wno-unused-label -Wno-unused-parameter -Wno-unused-variable -Wunused-value -Wno-empty-body -Wno-uninitialized -Wno-unknown-pragmas -Wno-shadow -Wno-four-char-constants -Wno-conversion -Wno-constant-conversion -Wno-int-conversion -Wno-bool-conversion -Wno-enum-conversion -Wno-shorten-64-to-32 -Wpointer-sign -Wno-newline-eof -DCMAKE_INTDIR=\"Debug\" -isysroot /Applications/Xcode.app/Contents/Developer/Platforms/MacOSX.platform/Developer/SDKs/MacOSX10.11.sdk -fasm-blocks -fstrict-aliasing -Wdeprecated-declarations -mmacosx-version-min=10.11 -g -Wno-sign-conversion -I/Users/marcelochsendorf/Desktop/SimpleTiledParser/glfw/CMakeFiles/CMakeTmp/Debug/include -I/Users/marcelochsendorf/Desktop/SimpleTiledParser/glfw/CMakeFiles/CMakeTmp/CMAKE_TRY_COMPILE.build/Debug/cmTC_69259.build/DerivedSources/x86_64 -I/Users/marcelochsendorf/Desktop/SimpleTiledParser/glfw/CMakeFiles/CMakeTmp/CMAKE_TRY_COMPILE.build/Debug/cmTC_69259.build/DerivedSources -Wmost -Wno-four-char-constants -Wno-unknown-pragmas -F/Users/marcelochsendorf/Desktop/SimpleTiledParser/glfw/CMakeFiles/CMakeTmp/Debug -std=c11 -MMD -MT dependencies -MF /Users/marcelochsendorf/Desktop/SimpleTiledParser/glfw/CMakeFiles/CMakeTmp/CMAKE_TRY_COMPILE.build/Debug/cmTC_69259.build/Objects-normal/x86_64/feature_tests.d --serialize-diagnostics /Users/marcelochsendorf/Desktop/SimpleTiledParser/glfw/CMakeFiles/CMakeTmp/CMAKE_TRY_COMPILE.build/Debug/cmTC_69259.build/Objects-normal/x86_64/feature_tests.dia -c /Users/marcelochsendorf/Desktop/SimpleTiledParser/glfw/CMakeFiles/feature_tests.c -o /Users/marcelochsendorf/Desktop/SimpleTiledParser/glfw/CMakeFiles/CMakeTmp/CMAKE_TRY_COMPILE.build/Debug/cmTC_69259.build/Objects-normal/x86_64/feature_tests.o

Ld Debug/cmTC_69259 normal x86_64
    cd /Users/marcelochsendorf/Desktop/SimpleTiledParser/glfw/CMakeFiles/CMakeTmp
    export MACOSX_DEPLOYMENT_TARGET=10.11
    /Applications/Xcode.app/Contents/Developer/Toolchains/XcodeDefault.xctoolchain/usr/bin/clang -arch x86_64 -isysroot /Applications/Xcode.app/Contents/Developer/Platforms/MacOSX.platform/Developer/SDKs/MacOSX10.11.sdk -L/Users/marcelochsendorf/Desktop/SimpleTiledParser/glfw/CMakeFiles/CMakeTmp/Debug -F/Users/marcelochsendorf/Desktop/SimpleTiledParser/glfw/CMakeFiles/CMakeTmp/Debug -filelist /Users/marcelochsendorf/Desktop/SimpleTiledParser/glfw/CMakeFiles/CMakeTmp/CMAKE_TRY_COMPILE.build/Debug/cmTC_69259.build/Objects-normal/x86_64/cmTC_69259.LinkFileList -mmacosx-version-min=10.11 -Xlinker -no_deduplicate -Wl,-search_paths_first -Wl,-headerpad_max_install_names -Xlinker -dependency_info -Xlinker /Users/marcelochsendorf/Desktop/SimpleTiledParser/glfw/CMakeFiles/CMakeTmp/CMAKE_TRY_COMPILE.build/Debug/cmTC_69259.build/Objects-normal/x86_64/cmTC_69259_dependency_info.dat -o /Users/marcelochsendorf/Desktop/SimpleTiledParser/glfw/CMakeFiles/CMakeTmp/Debug/cmTC_69259

** BUILD SUCCEEDED **



    Feature record: C_FEATURE:1c_function_prototypes
    Feature record: C_FEATURE:1c_restrict
    Feature record: C_FEATURE:1c_static_assert
    Feature record: C_FEATURE:1c_variadic_macros


Detecting C [-std=c99] compiler features compiled with the following output:
Change Dir: /Users/marcelochsendorf/Desktop/SimpleTiledParser/glfw/CMakeFiles/CMakeTmp

Run Build Command:"/usr/bin/xcodebuild" "-project" "CMAKE_TRY_COMPILE.xcodeproj" "build" "-target" "cmTC_249e0" "-configuration" "Debug"
2016-04-03 21:18:23.995 xcodebuild[38867:1724934] [MT] PluginLoading: Required plug-in compatibility UUID ACA8656B-FEA8-4B6D-8E4A-93F4C95C362C for plug-in at path '~/Library/Application Support/Developer/Shared/Xcode/Plug-ins/Unity4XC.xcplugin' not present in DVTPlugInCompatibilityUUIDs
2016-04-03 21:18:23.996 xcodebuild[38867:1724934] Failed to load plugin at: /Users/marcelochsendorf/Library/Application Support/Developer/Shared/Xcode/Plug-ins/Unity4XC.xcplugin, skipping.  Reason for failure: *** -[__NSPlaceholderDictionary initWithObjects:forKeys:count:]: attempt to insert nil object from objects[0]
=== BUILD TARGET cmTC_249e0 OF PROJECT CMAKE_TRY_COMPILE WITH CONFIGURATION Debug ===

Check dependencies

Write auxiliary files
/bin/mkdir -p /Users/marcelochsendorf/Desktop/SimpleTiledParser/glfw/CMakeFiles/CMakeTmp/CMAKE_TRY_COMPILE.build/Debug/cmTC_249e0.build/Objects-normal/x86_64
write-file /Users/marcelochsendorf/Desktop/SimpleTiledParser/glfw/CMakeFiles/CMakeTmp/CMAKE_TRY_COMPILE.build/Debug/cmTC_249e0.build/Objects-normal/x86_64/cmTC_249e0.LinkFileList

CompileC CMAKE_TRY_COMPILE.build/Debug/cmTC_249e0.build/Objects-normal/x86_64/feature_tests.o /Users/marcelochsendorf/Desktop/SimpleTiledParser/glfw/CMakeFiles/feature_tests.c normal x86_64 c com.apple.compilers.llvm.clang.1_0.compiler
    cd /Users/marcelochsendorf/Desktop/SimpleTiledParser/glfw/CMakeFiles/CMakeTmp
    export LANG=en_US.US-ASCII
    /Applications/Xcode.app/Contents/Developer/Toolchains/XcodeDefault.xctoolchain/usr/bin/clang -x c -arch x86_64 -fmessage-length=0 -fdiagnostics-show-note-include-stack -fmacro-backtrace-limit=0 -Wno-trigraphs -fpascal-strings -O0 -Wno-missing-field-initializers -Wno-missing-prototypes -Wno-return-type -Wno-missing-braces -Wparentheses -Wswitch -Wno-unused-function -Wno-unused-label -Wno-unused-parameter -Wno-unused-variable -Wunused-value -Wno-empty-body -Wno-uninitialized -Wno-unknown-pragmas -Wno-shadow -Wno-four-char-constants -Wno-conversion -Wno-constant-conversion -Wno-int-conversion -Wno-bool-conversion -Wno-enum-conversion -Wno-shorten-64-to-32 -Wpointer-sign -Wno-newline-eof -DCMAKE_INTDIR=\"Debug\" -isysroot /Applications/Xcode.app/Contents/Developer/Platforms/MacOSX.platform/Developer/SDKs/MacOSX10.11.sdk -fasm-blocks -fstrict-aliasing -Wdeprecated-declarations -mmacosx-version-min=10.11 -g -Wno-sign-conversion -I/Users/marcelochsendorf/Desktop/SimpleTiledParser/glfw/CMakeFiles/CMakeTmp/Debug/include -I/Users/marcelochsendorf/Desktop/SimpleTiledParser/glfw/CMakeFiles/CMakeTmp/CMAKE_TRY_COMPILE.build/Debug/cmTC_249e0.build/DerivedSources/x86_64 -I/Users/marcelochsendorf/Desktop/SimpleTiledParser/glfw/CMakeFiles/CMakeTmp/CMAKE_TRY_COMPILE.build/Debug/cmTC_249e0.build/DerivedSources -Wmost -Wno-four-char-constants -Wno-unknown-pragmas -F/Users/marcelochsendorf/Desktop/SimpleTiledParser/glfw/CMakeFiles/CMakeTmp/Debug -std=c99 -MMD -MT dependencies -MF /Users/marcelochsendorf/Desktop/SimpleTiledParser/glfw/CMakeFiles/CMakeTmp/CMAKE_TRY_COMPILE.build/Debug/cmTC_249e0.build/Objects-normal/x86_64/feature_tests.d --serialize-diagnostics /Users/marcelochsendorf/Desktop/SimpleTiledParser/glfw/CMakeFiles/CMakeTmp/CMAKE_TRY_COMPILE.build/Debug/cmTC_249e0.build/Objects-normal/x86_64/feature_tests.dia -c /Users/marcelochsendorf/Desktop/SimpleTiledParser/glfw/CMakeFiles/feature_tests.c -o /Users/marcelochsendorf/Desktop/SimpleTiledParser/glfw/CMakeFiles/CMakeTmp/CMAKE_TRY_COMPILE.build/Debug/cmTC_249e0.build/Objects-normal/x86_64/feature_tests.o

Ld Debug/cmTC_249e0 normal x86_64
    cd /Users/marcelochsendorf/Desktop/SimpleTiledParser/glfw/CMakeFiles/CMakeTmp
    export MACOSX_DEPLOYMENT_TARGET=10.11
    /Applications/Xcode.app/Contents/Developer/Toolchains/XcodeDefault.xctoolchain/usr/bin/clang -arch x86_64 -isysroot /Applications/Xcode.app/Contents/Developer/Platforms/MacOSX.platform/Developer/SDKs/MacOSX10.11.sdk -L/Users/marcelochsendorf/Desktop/SimpleTiledParser/glfw/CMakeFiles/CMakeTmp/Debug -F/Users/marcelochsendorf/Desktop/SimpleTiledParser/glfw/CMakeFiles/CMakeTmp/Debug -filelist /Users/marcelochsendorf/Desktop/SimpleTiledParser/glfw/CMakeFiles/CMakeTmp/CMAKE_TRY_COMPILE.build/Debug/cmTC_249e0.build/Objects-normal/x86_64/cmTC_249e0.LinkFileList -mmacosx-version-min=10.11 -Xlinker -no_deduplicate -Wl,-search_paths_first -Wl,-headerpad_max_install_names -Xlinker -dependency_info -Xlinker /Users/marcelochsendorf/Desktop/SimpleTiledParser/glfw/CMakeFiles/CMakeTmp/CMAKE_TRY_COMPILE.build/Debug/cmTC_249e0.build/Objects-normal/x86_64/cmTC_249e0_dependency_info.dat -o /Users/marcelochsendorf/Desktop/SimpleTiledParser/glfw/CMakeFiles/CMakeTmp/Debug/cmTC_249e0

** BUILD SUCCEEDED **



    Feature record: C_FEATURE:1c_function_prototypes
    Feature record: C_FEATURE:1c_restrict
    Feature record: C_FEATURE:0c_static_assert
    Feature record: C_FEATURE:1c_variadic_macros


Detecting C [-std=c90] compiler features compiled with the following output:
Change Dir: /Users/marcelochsendorf/Desktop/SimpleTiledParser/glfw/CMakeFiles/CMakeTmp

Run Build Command:"/usr/bin/xcodebuild" "-project" "CMAKE_TRY_COMPILE.xcodeproj" "build" "-target" "cmTC_16c00" "-configuration" "Debug"
2016-04-03 21:18:24.771 xcodebuild[38883:1724980] [MT] PluginLoading: Required plug-in compatibility UUID ACA8656B-FEA8-4B6D-8E4A-93F4C95C362C for plug-in at path '~/Library/Application Support/Developer/Shared/Xcode/Plug-ins/Unity4XC.xcplugin' not present in DVTPlugInCompatibilityUUIDs
2016-04-03 21:18:24.772 xcodebuild[38883:1724980] Failed to load plugin at: /Users/marcelochsendorf/Library/Application Support/Developer/Shared/Xcode/Plug-ins/Unity4XC.xcplugin, skipping.  Reason for failure: *** -[__NSPlaceholderDictionary initWithObjects:forKeys:count:]: attempt to insert nil object from objects[0]
=== BUILD TARGET cmTC_16c00 OF PROJECT CMAKE_TRY_COMPILE WITH CONFIGURATION Debug ===

Check dependencies

Write auxiliary files
/bin/mkdir -p /Users/marcelochsendorf/Desktop/SimpleTiledParser/glfw/CMakeFiles/CMakeTmp/CMAKE_TRY_COMPILE.build/Debug/cmTC_16c00.build/Objects-normal/x86_64
write-file /Users/marcelochsendorf/Desktop/SimpleTiledParser/glfw/CMakeFiles/CMakeTmp/CMAKE_TRY_COMPILE.build/Debug/cmTC_16c00.build/Objects-normal/x86_64/cmTC_16c00.LinkFileList

CompileC CMAKE_TRY_COMPILE.build/Debug/cmTC_16c00.build/Objects-normal/x86_64/feature_tests.o /Users/marcelochsendorf/Desktop/SimpleTiledParser/glfw/CMakeFiles/feature_tests.c normal x86_64 c com.apple.compilers.llvm.clang.1_0.compiler
    cd /Users/marcelochsendorf/Desktop/SimpleTiledParser/glfw/CMakeFiles/CMakeTmp
    export LANG=en_US.US-ASCII
    /Applications/Xcode.app/Contents/Developer/Toolchains/XcodeDefault.xctoolchain/usr/bin/clang -x c -arch x86_64 -fmessage-length=0 -fdiagnostics-show-note-include-stack -fmacro-backtrace-limit=0 -Wno-trigraphs -fpascal-strings -O0 -Wno-missing-field-initializers -Wno-missing-prototypes -Wno-return-type -Wno-missing-braces -Wparentheses -Wswitch -Wno-unused-function -Wno-unused-label -Wno-unused-parameter -Wno-unused-variable -Wunused-value -Wno-empty-body -Wno-uninitialized -Wno-unknown-pragmas -Wno-shadow -Wno-four-char-constants -Wno-conversion -Wno-constant-conversion -Wno-int-conversion -Wno-bool-conversion -Wno-enum-conversion -Wno-shorten-64-to-32 -Wpointer-sign -Wno-newline-eof -DCMAKE_INTDIR=\"Debug\" -isysroot /Applications/Xcode.app/Contents/Developer/Platforms/MacOSX.platform/Developer/SDKs/MacOSX10.11.sdk -fasm-blocks -fstrict-aliasing -Wdeprecated-declarations -mmacosx-version-min=10.11 -g -Wno-sign-conversion -I/Users/marcelochsendorf/Desktop/SimpleTiledParser/glfw/CMakeFiles/CMakeTmp/Debug/include -I/Users/marcelochsendorf/Desktop/SimpleTiledParser/glfw/CMakeFiles/CMakeTmp/CMAKE_TRY_COMPILE.build/Debug/cmTC_16c00.build/DerivedSources/x86_64 -I/Users/marcelochsendorf/Desktop/SimpleTiledParser/glfw/CMakeFiles/CMakeTmp/CMAKE_TRY_COMPILE.build/Debug/cmTC_16c00.build/DerivedSources -Wmost -Wno-four-char-constants -Wno-unknown-pragmas -F/Users/marcelochsendorf/Desktop/SimpleTiledParser/glfw/CMakeFiles/CMakeTmp/Debug -std=c90 -MMD -MT dependencies -MF /Users/marcelochsendorf/Desktop/SimpleTiledParser/glfw/CMakeFiles/CMakeTmp/CMAKE_TRY_COMPILE.build/Debug/cmTC_16c00.build/Objects-normal/x86_64/feature_tests.d --serialize-diagnostics /Users/marcelochsendorf/Desktop/SimpleTiledParser/glfw/CMakeFiles/CMakeTmp/CMAKE_TRY_COMPILE.build/Debug/cmTC_16c00.build/Objects-normal/x86_64/feature_tests.dia -c /Users/marcelochsendorf/Desktop/SimpleTiledParser/glfw/CMakeFiles/feature_tests.c -o /Users/marcelochsendorf/Desktop/SimpleTiledParser/glfw/CMakeFiles/CMakeTmp/CMAKE_TRY_COMPILE.build/Debug/cmTC_16c00.build/Objects-normal/x86_64/feature_tests.o

Ld Debug/cmTC_16c00 normal x86_64
    cd /Users/marcelochsendorf/Desktop/SimpleTiledParser/glfw/CMakeFiles/CMakeTmp
    export MACOSX_DEPLOYMENT_TARGET=10.11
    /Applications/Xcode.app/Contents/Developer/Toolchains/XcodeDefault.xctoolchain/usr/bin/clang -arch x86_64 -isysroot /Applications/Xcode.app/Contents/Developer/Platforms/MacOSX.platform/Developer/SDKs/MacOSX10.11.sdk -L/Users/marcelochsendorf/Desktop/SimpleTiledParser/glfw/CMakeFiles/CMakeTmp/Debug -F/Users/marcelochsendorf/Desktop/SimpleTiledParser/glfw/CMakeFiles/CMakeTmp/Debug -filelist /Users/marcelochsendorf/Desktop/SimpleTiledParser/glfw/CMakeFiles/CMakeTmp/CMAKE_TRY_COMPILE.build/Debug/cmTC_16c00.build/Objects-normal/x86_64/cmTC_16c00.LinkFileList -mmacosx-version-min=10.11 -Xlinker -no_deduplicate -Wl,-search_paths_first -Wl,-headerpad_max_install_names -Xlinker -dependency_info -Xlinker /Users/marcelochsendorf/Desktop/SimpleTiledParser/glfw/CMakeFiles/CMakeTmp/CMAKE_TRY_COMPILE.build/Debug/cmTC_16c00.build/Objects-normal/x86_64/cmTC_16c00_dependency_info.dat -o /Users/marcelochsendorf/Desktop/SimpleTiledParser/glfw/CMakeFiles/CMakeTmp/Debug/cmTC_16c00

** BUILD SUCCEEDED **



    Feature record: C_FEATURE:1c_function_prototypes
    Feature record: C_FEATURE:0c_restrict
    Feature record: C_FEATURE:0c_static_assert
    Feature record: C_FEATURE:0c_variadic_macros
Determining if the include file pthread.h exists passed with the following output:
Change Dir: /Users/marcelochsendorf/Desktop/SimpleTiledParser/glfw/CMakeFiles/CMakeTmp

Run Build Command:"/usr/bin/xcodebuild" "-project" "CMAKE_TRY_COMPILE.xcodeproj" "build" "-target" "cmTC_1fa6c" "-configuration" "Debug"
2016-04-03 21:18:26.068 xcodebuild[38899:1725132] [MT] PluginLoading: Required plug-in compatibility UUID ACA8656B-FEA8-4B6D-8E4A-93F4C95C362C for plug-in at path '~/Library/Application Support/Developer/Shared/Xcode/Plug-ins/Unity4XC.xcplugin' not present in DVTPlugInCompatibilityUUIDs
2016-04-03 21:18:26.069 xcodebuild[38899:1725132] Failed to load plugin at: /Users/marcelochsendorf/Library/Application Support/Developer/Shared/Xcode/Plug-ins/Unity4XC.xcplugin, skipping.  Reason for failure: *** -[__NSPlaceholderDictionary initWithObjects:forKeys:count:]: attempt to insert nil object from objects[0]
=== BUILD TARGET cmTC_1fa6c OF PROJECT CMAKE_TRY_COMPILE WITH CONFIGURATION Debug ===

Check dependencies

Write auxiliary files
/bin/mkdir -p /Users/marcelochsendorf/Desktop/SimpleTiledParser/glfw/CMakeFiles/CMakeTmp/CMAKE_TRY_COMPILE.build/Debug/cmTC_1fa6c.build/Objects-normal/x86_64
write-file /Users/marcelochsendorf/Desktop/SimpleTiledParser/glfw/CMakeFiles/CMakeTmp/CMAKE_TRY_COMPILE.build/Debug/cmTC_1fa6c.build/Objects-normal/x86_64/cmTC_1fa6c.LinkFileList

CompileC CMAKE_TRY_COMPILE.build/Debug/cmTC_1fa6c.build/Objects-normal/x86_64/CheckIncludeFile.o CheckIncludeFile.c normal x86_64 c com.apple.compilers.llvm.clang.1_0.compiler
    cd /Users/marcelochsendorf/Desktop/SimpleTiledParser/glfw/CMakeFiles/CMakeTmp
    export LANG=en_US.US-ASCII
    /Applications/Xcode.app/Contents/Developer/Toolchains/XcodeDefault.xctoolchain/usr/bin/clang -x c -arch x86_64 -fmessage-length=0 -fdiagnostics-show-note-include-stack -fmacro-backtrace-limit=0 -Wno-trigraphs -fpascal-strings -O0 -Wno-missing-field-initializers -Wno-missing-prototypes -Wno-return-type -Wno-missing-braces -Wparentheses -Wswitch -Wno-unused-function -Wno-unused-label -Wno-unused-parameter -Wno-unused-variable -Wunused-value -Wno-empty-body -Wno-uninitialized -Wno-unknown-pragmas -Wno-shadow -Wno-four-char-constants -Wno-conversion -Wno-constant-conversion -Wno-int-conversion -Wno-bool-conversion -Wno-enum-conversion -Wno-shorten-64-to-32 -Wpointer-sign -Wno-newline-eof -DCMAKE_INTDIR=\"Debug\" -isysroot /Applications/Xcode.app/Contents/Developer/Platforms/MacOSX.platform/Developer/SDKs/MacOSX10.11.sdk -fasm-blocks -fstrict-aliasing -Wdeprecated-declarations -mmacosx-version-min=10.11 -g -Wno-sign-conversion -I/Users/marcelochsendorf/Desktop/SimpleTiledParser/glfw/CMakeFiles/CMakeTmp/Debug/include -I/Users/marcelochsendorf/Desktop/SimpleTiledParser/glfw/CMakeFiles/CMakeTmp/CMAKE_TRY_COMPILE.build/Debug/cmTC_1fa6c.build/DerivedSources/x86_64 -I/Users/marcelochsendorf/Desktop/SimpleTiledParser/glfw/CMakeFiles/CMakeTmp/CMAKE_TRY_COMPILE.build/Debug/cmTC_1fa6c.build/DerivedSources -Wmost -Wno-four-char-constants -Wno-unknown-pragmas -F/Users/marcelochsendorf/Desktop/SimpleTiledParser/glfw/CMakeFiles/CMakeTmp/Debug -MMD -MT dependencies -MF /Users/marcelochsendorf/Desktop/SimpleTiledParser/glfw/CMakeFiles/CMakeTmp/CMAKE_TRY_COMPILE.build/Debug/cmTC_1fa6c.build/Objects-normal/x86_64/CheckIncludeFile.d --serialize-diagnostics /Users/marcelochsendorf/Desktop/SimpleTiledParser/glfw/CMakeFiles/CMakeTmp/CMAKE_TRY_COMPILE.build/Debug/cmTC_1fa6c.build/Objects-normal/x86_64/CheckIncludeFile.dia -c /Users/marcelochsendorf/Desktop/SimpleTiledParser/glfw/CMakeFiles/CMakeTmp/CheckIncludeFile.c -o /Users/marcelochsendorf/Desktop/SimpleTiledParser/glfw/CMakeFiles/CMakeTmp/CMAKE_TRY_COMPILE.build/Debug/cmTC_1fa6c.build/Objects-normal/x86_64/CheckIncludeFile.o

Ld Debug/cmTC_1fa6c normal x86_64
    cd /Users/marcelochsendorf/Desktop/SimpleTiledParser/glfw/CMakeFiles/CMakeTmp
    export MACOSX_DEPLOYMENT_TARGET=10.11
    /Applications/Xcode.app/Contents/Developer/Toolchains/XcodeDefault.xctoolchain/usr/bin/clang -arch x86_64 -isysroot /Applications/Xcode.app/Contents/Developer/Platforms/MacOSX.platform/Developer/SDKs/MacOSX10.11.sdk -L/Users/marcelochsendorf/Desktop/SimpleTiledParser/glfw/CMakeFiles/CMakeTmp/Debug -F/Users/marcelochsendorf/Desktop/SimpleTiledParser/glfw/CMakeFiles/CMakeTmp/Debug -filelist /Users/marcelochsendorf/Desktop/SimpleTiledParser/glfw/CMakeFiles/CMakeTmp/CMAKE_TRY_COMPILE.build/Debug/cmTC_1fa6c.build/Objects-normal/x86_64/cmTC_1fa6c.LinkFileList -mmacosx-version-min=10.11 -Xlinker -no_deduplicate -Wl,-search_paths_first -Wl,-headerpad_max_install_names -Xlinker -dependency_info -Xlinker /Users/marcelochsendorf/Desktop/SimpleTiledParser/glfw/CMakeFiles/CMakeTmp/CMAKE_TRY_COMPILE.build/Debug/cmTC_1fa6c.build/Objects-normal/x86_64/cmTC_1fa6c_dependency_info.dat -o /Users/marcelochsendorf/Desktop/SimpleTiledParser/glfw/CMakeFiles/CMakeTmp/Debug/cmTC_1fa6c

** BUILD SUCCEEDED **



Determining if the pthread_create exist passed with the following output:
Change Dir: /Users/marcelochsendorf/Desktop/SimpleTiledParser/glfw/CMakeFiles/CMakeTmp

Run Build Command:"/usr/bin/xcodebuild" "-project" "CMAKE_TRY_COMPILE.xcodeproj" "build" "-target" "cmTC_783a9" "-configuration" "Debug"
2016-04-03 21:18:26.915 xcodebuild[38915:1725211] [MT] PluginLoading: Required plug-in compatibility UUID ACA8656B-FEA8-4B6D-8E4A-93F4C95C362C for plug-in at path '~/Library/Application Support/Developer/Shared/Xcode/Plug-ins/Unity4XC.xcplugin' not present in DVTPlugInCompatibilityUUIDs
2016-04-03 21:18:26.916 xcodebuild[38915:1725211] Failed to load plugin at: /Users/marcelochsendorf/Library/Application Support/Developer/Shared/Xcode/Plug-ins/Unity4XC.xcplugin, skipping.  Reason for failure: *** -[__NSPlaceholderDictionary initWithObjects:forKeys:count:]: attempt to insert nil object from objects[0]
=== BUILD TARGET cmTC_783a9 OF PROJECT CMAKE_TRY_COMPILE WITH CONFIGURATION Debug ===

Check dependencies

Write auxiliary files
/bin/mkdir -p /Users/marcelochsendorf/Desktop/SimpleTiledParser/glfw/CMakeFiles/CMakeTmp/CMAKE_TRY_COMPILE.build/Debug/cmTC_783a9.build/Objects-normal/x86_64
write-file /Users/marcelochsendorf/Desktop/SimpleTiledParser/glfw/CMakeFiles/CMakeTmp/CMAKE_TRY_COMPILE.build/Debug/cmTC_783a9.build/Objects-normal/x86_64/cmTC_783a9.LinkFileList

CompileC CMAKE_TRY_COMPILE.build/Debug/cmTC_783a9.build/Objects-normal/x86_64/CheckSymbolExists.o CheckSymbolExists.c normal x86_64 c com.apple.compilers.llvm.clang.1_0.compiler
    cd /Users/marcelochsendorf/Desktop/SimpleTiledParser/glfw/CMakeFiles/CMakeTmp
    export LANG=en_US.US-ASCII
    /Applications/Xcode.app/Contents/Developer/Toolchains/XcodeDefault.xctoolchain/usr/bin/clang -x c -arch x86_64 -fmessage-length=0 -fdiagnostics-show-note-include-stack -fmacro-backtrace-limit=0 -Wno-trigraphs -fpascal-strings -O0 -Wno-missing-field-initializers -Wno-missing-prototypes -Wno-return-type -Wno-missing-braces -Wparentheses -Wswitch -Wno-unused-function -Wno-unused-label -Wno-unused-parameter -Wno-unused-variable -Wunused-value -Wno-empty-body -Wno-uninitialized -Wno-unknown-pragmas -Wno-shadow -Wno-four-char-constants -Wno-conversion -Wno-constant-conversion -Wno-int-conversion -Wno-bool-conversion -Wno-enum-conversion -Wno-shorten-64-to-32 -Wpointer-sign -Wno-newline-eof -DCMAKE_INTDIR=\"Debug\" -isysroot /Applications/Xcode.app/Contents/Developer/Platforms/MacOSX.platform/Developer/SDKs/MacOSX10.11.sdk -fasm-blocks -fstrict-aliasing -Wdeprecated-declarations -mmacosx-version-min=10.11 -g -Wno-sign-conversion -I/Users/marcelochsendorf/Desktop/SimpleTiledParser/glfw/CMakeFiles/CMakeTmp/Debug/include -I/Users/marcelochsendorf/Desktop/SimpleTiledParser/glfw/CMakeFiles/CMakeTmp/CMAKE_TRY_COMPILE.build/Debug/cmTC_783a9.build/DerivedSources/x86_64 -I/Users/marcelochsendorf/Desktop/SimpleTiledParser/glfw/CMakeFiles/CMakeTmp/CMAKE_TRY_COMPILE.build/Debug/cmTC_783a9.build/DerivedSources -Wmost -Wno-four-char-constants -Wno-unknown-pragmas -F/Users/marcelochsendorf/Desktop/SimpleTiledParser/glfw/CMakeFiles/CMakeTmp/Debug -MMD -MT dependencies -MF /Users/marcelochsendorf/Desktop/SimpleTiledParser/glfw/CMakeFiles/CMakeTmp/CMAKE_TRY_COMPILE.build/Debug/cmTC_783a9.build/Objects-normal/x86_64/CheckSymbolExists.d --serialize-diagnostics /Users/marcelochsendorf/Desktop/SimpleTiledParser/glfw/CMakeFiles/CMakeTmp/CMAKE_TRY_COMPILE.build/Debug/cmTC_783a9.build/Objects-normal/x86_64/CheckSymbolExists.dia -c /Users/marcelochsendorf/Desktop/SimpleTiledParser/glfw/CMakeFiles/CMakeTmp/CheckSymbolExists.c -o /Users/marcelochsendorf/Desktop/SimpleTiledParser/glfw/CMakeFiles/CMakeTmp/CMAKE_TRY_COMPILE.build/Debug/cmTC_783a9.build/Objects-normal/x86_64/CheckSymbolExists.o

Ld Debug/cmTC_783a9 normal x86_64
    cd /Users/marcelochsendorf/Desktop/SimpleTiledParser/glfw/CMakeFiles/CMakeTmp
    export MACOSX_DEPLOYMENT_TARGET=10.11
    /Applications/Xcode.app/Contents/Developer/Toolchains/XcodeDefault.xctoolchain/usr/bin/clang -arch x86_64 -isysroot /Applications/Xcode.app/Contents/Developer/Platforms/MacOSX.platform/Developer/SDKs/MacOSX10.11.sdk -L/Users/marcelochsendorf/Desktop/SimpleTiledParser/glfw/CMakeFiles/CMakeTmp/Debug -F/Users/marcelochsendorf/Desktop/SimpleTiledParser/glfw/CMakeFiles/CMakeTmp/Debug -filelist /Users/marcelochsendorf/Desktop/SimpleTiledParser/glfw/CMakeFiles/CMakeTmp/CMAKE_TRY_COMPILE.build/Debug/cmTC_783a9.build/Objects-normal/x86_64/cmTC_783a9.LinkFileList -mmacosx-version-min=10.11 -Xlinker -no_deduplicate -Wl,-search_paths_first -Wl,-headerpad_max_install_names -Xlinker -dependency_info -Xlinker /Users/marcelochsendorf/Desktop/SimpleTiledParser/glfw/CMakeFiles/CMakeTmp/CMAKE_TRY_COMPILE.build/Debug/cmTC_783a9.build/Objects-normal/x86_64/cmTC_783a9_dependency_info.dat -o /Users/marcelochsendorf/Desktop/SimpleTiledParser/glfw/CMakeFiles/CMakeTmp/Debug/cmTC_783a9

** BUILD SUCCEEDED **


File /Users/marcelochsendorf/Desktop/SimpleTiledParser/glfw/CMakeFiles/CMakeTmp/CheckSymbolExists.c:
/* */
#include <pthread.h>

int main(int argc, char** argv)
{
  (void)argv;
#ifndef pthread_create
  return ((int*)(&pthread_create))[argc];
#else
  (void)argc;
  return 0;
#endif
}

